<?xml version="1.0" encoding="UTF-8"?>
<!-- Generated by org.testng.reporters.JUnitXMLReporter -->
<testsuite hostname="Changkopuchi" name="Default test" tests="6" failures="0" timestamp="16 Aug 2020 10:58:01 GMT" time="0.099" errors="0">
  <testcase name="@BeforeClass beforeClass" time="0.0" classname="com.wordpress.login.Login_03_Browser_Factory_Pattern">
    <failure type="org.testng.TestNGException" message="
Parameter &amp;apos;browser&amp;apos; is required by @Configuration on method beforeClass but has not been marked @Optional or defined
in C:\Users\Admin\AppData\Local\Temp\testng-eclipse--1856396698\testng-customsuite.xml">
      <![CDATA[org.testng.TestNGException: 
Parameter 'browser' is required by @Configuration on method beforeClass but has not been marked @Optional or defined
in C:\Users\Admin\AppData\Local\Temp\testng-eclipse--1856396698\testng-customsuite.xml
	at org.testng.internal.Parameters.createParameters(Parameters.java:154)
	at org.testng.internal.Parameters.createParameters(Parameters.java:361)
	at org.testng.internal.Parameters.createConfigurationParameters(Parameters.java:84)
	at org.testng.internal.Invoker.invokeConfigurations(Invoker.java:197)
	at org.testng.internal.Invoker.invokeConfigurations(Invoker.java:138)
	at org.testng.internal.TestMethodWorker.invokeBeforeClassMethods(TestMethodWorker.java:170)
	at org.testng.internal.TestMethodWorker.run(TestMethodWorker.java:104)
	at org.testng.TestRunner.privateRun(TestRunner.java:774)
	at org.testng.TestRunner.run(TestRunner.java:624)
	at org.testng.SuiteRunner.runTest(SuiteRunner.java:359)
	at org.testng.SuiteRunner.runSequentially(SuiteRunner.java:354)
	at org.testng.SuiteRunner.privateRun(SuiteRunner.java:312)
	at org.testng.SuiteRunner.run(SuiteRunner.java:261)
	at org.testng.SuiteRunnerWorker.runSuite(SuiteRunnerWorker.java:52)
	at org.testng.SuiteRunnerWorker.run(SuiteRunnerWorker.java:86)
	at org.testng.TestNG.runSuitesSequentially(TestNG.java:1215)
	at org.testng.TestNG.runSuitesLocally(TestNG.java:1140)
	at org.testng.TestNG.run(TestNG.java:1048)
	at org.testng.remote.AbstractRemoteTestNG.run(AbstractRemoteTestNG.java:115)
	at org.testng.remote.RemoteTestNG.initAndRun(RemoteTestNG.java:251)
	at org.testng.remote.RemoteTestNG.main(RemoteTestNG.java:77)
]]>
    </failure>
  </testcase> <!-- @BeforeClass beforeClass -->
  <testcase name="@BeforeMethod beforeMethod" time="0.0" classname="com.wordpress.login.Login_03_Browser_Factory_Pattern">
    <skipped/>
  </testcase> <!-- @BeforeMethod beforeMethod -->
  <testcase name="@BeforeMethod beforeMethod" time="0.0" classname="com.wordpress.login.Login_03_Browser_Factory_Pattern">
    <skipped/>
  </testcase> <!-- @BeforeMethod beforeMethod -->
  <testcase name="@BeforeMethod beforeMethod" time="0.0" classname="com.wordpress.login.Login_03_Browser_Factory_Pattern">
    <skipped/>
  </testcase> <!-- @BeforeMethod beforeMethod -->
  <testcase name="@BeforeMethod beforeMethod" time="0.0" classname="com.wordpress.login.Login_03_Browser_Factory_Pattern">
    <skipped/>
  </testcase> <!-- @BeforeMethod beforeMethod -->
  <testcase name="@BeforeMethod beforeMethod" time="0.0" classname="com.wordpress.login.Login_03_Browser_Factory_Pattern">
    <skipped/>
  </testcase> <!-- @BeforeMethod beforeMethod -->
  <testcase name="@BeforeMethod beforeMethod" time="0.0" classname="com.wordpress.login.Login_03_Browser_Factory_Pattern">
    <skipped/>
  </testcase> <!-- @BeforeMethod beforeMethod -->
  <testcase name="@AfterClass afterClass" time="0.0" classname="com.wordpress.login.Login_03_Browser_Factory_Pattern">
    <skipped/>
  </testcase> <!-- @AfterClass afterClass -->
  <testcase name="Validate_01_EmptyEmail" time="0.01" classname="com.wordpress.login.Login_03_Browser_Factory_Pattern">
    <skipped/>
  </testcase> <!-- Validate_01_EmptyEmail -->
  <testcase name="Validate_02_InvalidEmail" time="0.001" classname="com.wordpress.login.Login_03_Browser_Factory_Pattern">
    <skipped/>
  </testcase> <!-- Validate_02_InvalidEmail -->
  <testcase name="Validate_03_EmailNotExist" time="0.002" classname="com.wordpress.login.Login_03_Browser_Factory_Pattern">
    <skipped/>
  </testcase> <!-- Validate_03_EmailNotExist -->
  <testcase name="Validate_04_EmptyPassWord" time="0.002" classname="com.wordpress.login.Login_03_Browser_Factory_Pattern">
    <skipped/>
  </testcase> <!-- Validate_04_EmptyPassWord -->
  <testcase name="Validate_05_PasswordLessThan6Chars" time="0.002" classname="com.wordpress.login.Login_03_Browser_Factory_Pattern">
    <skipped/>
  </testcase> <!-- Validate_05_PasswordLessThan6Chars -->
  <testcase name="Validate_06_ValidPassword" time="0.002" classname="com.wordpress.login.Login_03_Browser_Factory_Pattern">
    <skipped/>
  </testcase> <!-- Validate_06_ValidPassword -->
</testsuite> <!-- Default test -->
